03-13-2018 INFO o.e.p.PluginsService [restartedMain] no modules loaded
03-13-2018 INFO o.e.p.PluginsService [restartedMain] loaded plugin [org.elasticsearch.index.reindex.ReindexPlugin]
03-13-2018 INFO o.e.p.PluginsService [restartedMain] loaded plugin [org.elasticsearch.join.ParentJoinPlugin]
03-13-2018 INFO o.e.p.PluginsService [restartedMain] loaded plugin [org.elasticsearch.percolator.PercolatorPlugin]
03-13-2018 INFO o.e.p.PluginsService [restartedMain] loaded plugin [org.elasticsearch.script.mustache.MustachePlugin]
03-13-2018 INFO o.e.p.PluginsService [restartedMain] loaded plugin [org.elasticsearch.transport.Netty4Plugin]
03-13-2018 DEBUG o.e.t.ThreadPool [restartedMain] created thread pool: name [force_merge], size [1], queue size [unbounded]
03-13-2018 DEBUG o.e.t.ThreadPool [restartedMain] created thread pool: name [fetch_shard_started], core [1], max [8], keep alive [5m]
03-13-2018 DEBUG o.e.t.ThreadPool [restartedMain] created thread pool: name [listener], size [2], queue size [unbounded]
03-13-2018 DEBUG o.e.t.ThreadPool [restartedMain] created thread pool: name [index], size [4], queue size [200]
03-13-2018 DEBUG o.e.t.ThreadPool [restartedMain] created thread pool: name [refresh], core [1], max [2], keep alive [5m]
03-13-2018 DEBUG o.e.t.ThreadPool [restartedMain] created thread pool: name [generic], core [4], max [128], keep alive [30s]
03-13-2018 DEBUG o.e.t.ThreadPool [restartedMain] created thread pool: name [warmer], core [1], max [2], keep alive [5m]
03-13-2018 DEBUG o.e.t.ThreadPool [restartedMain] created thread pool: name [search], size [7], queue size [1k]
03-13-2018 DEBUG o.e.t.ThreadPool [restartedMain] created thread pool: name [flush], core [1], max [2], keep alive [5m]
03-13-2018 DEBUG o.e.t.ThreadPool [restartedMain] created thread pool: name [fetch_shard_store], core [1], max [8], keep alive [5m]
03-13-2018 DEBUG o.e.t.ThreadPool [restartedMain] created thread pool: name [management], core [1], max [5], keep alive [5m]
03-13-2018 DEBUG o.e.t.ThreadPool [restartedMain] created thread pool: name [get], size [4], queue size [1k]
03-13-2018 DEBUG o.e.t.ThreadPool [restartedMain] created thread pool: name [bulk], size [4], queue size [200]
03-13-2018 DEBUG o.e.t.ThreadPool [restartedMain] created thread pool: name [snapshot], core [1], max [2], keep alive [5m]
03-13-2018 DEBUG o.e.c.t.TransportClientNodesService [restartedMain] node_sampler_interval[5s]
03-13-2018 DEBUG i.n.c.MultithreadEventLoopGroup [restartedMain] -Dio.netty.eventLoopThreads: 8
03-13-2018 DEBUG i.n.u.i.PlatformDependent [restartedMain] Platform: Windows
03-13-2018 DEBUG i.n.u.i.PlatformDependent0 [restartedMain] -Dio.netty.noUnsafe: true
03-13-2018 DEBUG i.n.u.i.PlatformDependent0 [restartedMain] sun.misc.Unsafe: unavailable (io.netty.noUnsafe)
03-13-2018 DEBUG i.n.u.i.PlatformDependent0 [restartedMain] Java version: 8
03-13-2018 DEBUG i.n.u.i.PlatformDependent0 [restartedMain] java.nio.DirectByteBuffer.<init>(long, int): unavailable
03-13-2018 DEBUG i.n.u.i.PlatformDependent [restartedMain] -Dio.netty.tmpdir: C:\Users\lenovo\AppData\Local\Temp (java.io.tmpdir)
03-13-2018 DEBUG i.n.u.i.PlatformDependent [restartedMain] -Dio.netty.bitMode: 64 (sun.arch.data.model)
03-13-2018 DEBUG i.n.u.i.PlatformDependent [restartedMain] -Dio.netty.noPreferDirect: true
03-13-2018 DEBUG i.n.u.i.PlatformDependent [restartedMain] -Dio.netty.maxDirectMemory: -1 bytes
03-13-2018 DEBUG i.n.u.i.PlatformDependent [restartedMain] -Dio.netty.uninitializedArrayAllocationThreshold: -1
03-13-2018 DEBUG i.n.c.n.NioEventLoop [restartedMain] -Dio.netty.noKeySetOptimization: true
03-13-2018 DEBUG i.n.c.n.NioEventLoop [restartedMain] -Dio.netty.selectorAutoRebuildThreshold: 512
03-13-2018 DEBUG i.n.u.i.PlatformDependent [restartedMain] org.jctools-core.MpscChunkedArrayQueue: unavailable
03-13-2018 DEBUG o.e.c.t.TransportClientNodesService [restartedMain] adding address [{#transport#-1}{a4Y7dckJRKCn63j8ernCpA}{127.0.0.1}{127.0.0.1:9200}]
03-13-2018 DEBUG i.n.c.DefaultChannelId [restartedMain] -Dio.netty.processId: 14976 (auto-detected)
03-13-2018 DEBUG i.n.u.NetUtil [restartedMain] -Djava.net.preferIPv4Stack: false
03-13-2018 DEBUG i.n.u.NetUtil [restartedMain] -Djava.net.preferIPv6Addresses: false
03-13-2018 DEBUG i.n.u.NetUtil [restartedMain] Loopback interface: lo (Software Loopback Interface 1, 127.0.0.1)
03-13-2018 DEBUG i.n.u.NetUtil [restartedMain] Failed to get SOMAXCONN from sysctl and file \proc\sys\net\core\somaxconn. Default: 200
03-13-2018 DEBUG i.n.c.DefaultChannelId [restartedMain] -Dio.netty.machineId: 00:00:00:00:00:00:00:e0 (auto-detected)
03-13-2018 DEBUG i.n.u.ResourceLeakDetector [restartedMain] -Dio.netty.leakDetection.level: simple
03-13-2018 DEBUG i.n.u.ResourceLeakDetector [restartedMain] -Dio.netty.leakDetection.maxRecords: 4
03-13-2018 DEBUG i.n.b.PooledByteBufAllocator [restartedMain] -Dio.netty.allocator.numHeapArenas: 8
03-13-2018 DEBUG i.n.b.PooledByteBufAllocator [restartedMain] -Dio.netty.allocator.numDirectArenas: 8
03-13-2018 DEBUG i.n.b.PooledByteBufAllocator [restartedMain] -Dio.netty.allocator.pageSize: 8192
03-13-2018 DEBUG i.n.b.PooledByteBufAllocator [restartedMain] -Dio.netty.allocator.maxOrder: 11
03-13-2018 DEBUG i.n.b.PooledByteBufAllocator [restartedMain] -Dio.netty.allocator.chunkSize: 16777216
03-13-2018 DEBUG i.n.b.PooledByteBufAllocator [restartedMain] -Dio.netty.allocator.tinyCacheSize: 512
03-13-2018 DEBUG i.n.b.PooledByteBufAllocator [restartedMain] -Dio.netty.allocator.smallCacheSize: 256
03-13-2018 DEBUG i.n.b.PooledByteBufAllocator [restartedMain] -Dio.netty.allocator.normalCacheSize: 64
03-13-2018 DEBUG i.n.b.PooledByteBufAllocator [restartedMain] -Dio.netty.allocator.maxCachedBufferCapacity: 32768
03-13-2018 DEBUG i.n.b.PooledByteBufAllocator [restartedMain] -Dio.netty.allocator.cacheTrimInterval: 8192
03-13-2018 DEBUG i.n.b.PooledByteBufAllocator [restartedMain] -Dio.netty.allocator.useCacheForAllThreads: true
03-13-2018 DEBUG i.n.b.ByteBufUtil [restartedMain] -Dio.netty.allocator.type: pooled
03-13-2018 DEBUG i.n.b.ByteBufUtil [restartedMain] -Dio.netty.threadLocalDirectBufferSize: 65536
03-13-2018 DEBUG i.n.b.ByteBufUtil [restartedMain] -Dio.netty.maxThreadLocalCharBufferSize: 16384
03-13-2018 DEBUG i.n.b.AbstractByteBuf [restartedMain] -Dio.netty.buffer.bytebuf.checkAccessible: true
03-13-2018 DEBUG i.n.u.ResourceLeakDetectorFactory [restartedMain] Loaded default ResourceLeakDetector: io.netty.util.ResourceLeakDetector@598852aa
03-13-2018 DEBUG i.n.u.Recycler [restartedMain] -Dio.netty.recycler.maxCapacityPerThread: disabled
03-13-2018 DEBUG i.n.u.Recycler [restartedMain] -Dio.netty.recycler.maxSharedCapacityFactor: disabled
03-13-2018 DEBUG i.n.u.Recycler [restartedMain] -Dio.netty.recycler.linkCapacity: disabled
03-13-2018 DEBUG i.n.u.Recycler [restartedMain] -Dio.netty.recycler.ratio: disabled
03-13-2018 DEBUG o.e.c.t.TransportClientNodesService [restartedMain] failed to connect to node [{#transport#-1}{a4Y7dckJRKCn63j8ernCpA}{127.0.0.1}{127.0.0.1:9200}], ignoring...
org.elasticsearch.transport.ConnectTransportException: [][127.0.0.1:9200] handshake_timeout[30s]
	at org.elasticsearch.transport.TcpTransport.executeHandshake(TcpTransport.java:1610) ~[elasticsearch-6.0.0.jar:6.0.0]
	at org.elasticsearch.transport.TcpTransport.openConnection(TcpTransport.java:598) ~[elasticsearch-6.0.0.jar:6.0.0]
	at org.elasticsearch.transport.TcpTransport.openConnection(TcpTransport.java:121) ~[elasticsearch-6.0.0.jar:6.0.0]
	at org.elasticsearch.transport.TransportService.openConnection(TransportService.java:353) ~[elasticsearch-6.0.0.jar:6.0.0]
	at org.elasticsearch.client.transport.TransportClientNodesService$SimpleNodeSampler.doSample(TransportClientNodesService.java:407) [elasticsearch-6.0.0.jar:6.0.0]
	at org.elasticsearch.client.transport.TransportClientNodesService$NodeSampler.sample(TransportClientNodesService.java:357) [elasticsearch-6.0.0.jar:6.0.0]
	at org.elasticsearch.client.transport.TransportClientNodesService.addTransportAddresses(TransportClientNodesService.java:198) [elasticsearch-6.0.0.jar:6.0.0]
	at org.elasticsearch.client.transport.TransportClient.addTransportAddress(TransportClient.java:313) [elasticsearch-6.0.0.jar:6.0.0]
	at com.search.elasticsearch.ElasticsearchConfig.getElasticsearchClient(ElasticsearchConfig.java:34) [classes/:?]
	at com.search.elasticSearchProduct.ElasticSearchProduct.<init>(ElasticSearchProduct.java:45) [classes/:?]
	at sun.reflect.NativeConstructorAccessorImpl.newInstance0(Native Method) [?:1.8.0_161]
	at sun.reflect.NativeConstructorAccessorImpl.newInstance(NativeConstructorAccessorImpl.java:62) [?:1.8.0_161]
	at sun.reflect.DelegatingConstructorAccessorImpl.newInstance(DelegatingConstructorAccessorImpl.java:45) [?:1.8.0_161]
	at java.lang.reflect.Constructor.newInstance(Constructor.java:423) [?:1.8.0_161]
	at org.springframework.beans.BeanUtils.instantiateClass(BeanUtils.java:142) [spring-beans-4.3.13.RELEASE.jar:4.3.13.RELEASE]
	at org.springframework.beans.factory.support.SimpleInstantiationStrategy.instantiate(SimpleInstantiationStrategy.java:89) [spring-beans-4.3.13.RELEASE.jar:4.3.13.RELEASE]
	at org.springframework.beans.factory.support.AbstractAutowireCapableBeanFactory.instantiateBean(AbstractAutowireCapableBeanFactory.java:1147) [spring-beans-4.3.13.RELEASE.jar:4.3.13.RELEASE]
	at org.springframework.beans.factory.support.AbstractAutowireCapableBeanFactory.createBeanInstance(AbstractAutowireCapableBeanFactory.java:1099) [spring-beans-4.3.13.RELEASE.jar:4.3.13.RELEASE]
	at org.springframework.beans.factory.support.AbstractAutowireCapableBeanFactory.doCreateBean(AbstractAutowireCapableBeanFactory.java:513) [spring-beans-4.3.13.RELEASE.jar:4.3.13.RELEASE]
	at org.springframework.beans.factory.support.AbstractAutowireCapableBeanFactory.createBean(AbstractAutowireCapableBeanFactory.java:483) [spring-beans-4.3.13.RELEASE.jar:4.3.13.RELEASE]
	at org.springframework.beans.factory.support.AbstractBeanFactory$1.getObject(AbstractBeanFactory.java:306) [spring-beans-4.3.13.RELEASE.jar:4.3.13.RELEASE]
	at org.springframework.beans.factory.support.DefaultSingletonBeanRegistry.getSingleton(DefaultSingletonBeanRegistry.java:230) [spring-beans-4.3.13.RELEASE.jar:4.3.13.RELEASE]
	at org.springframework.beans.factory.support.AbstractBeanFactory.doGetBean(AbstractBeanFactory.java:302) [spring-beans-4.3.13.RELEASE.jar:4.3.13.RELEASE]
	at org.springframework.beans.factory.support.AbstractBeanFactory.getBean(AbstractBeanFactory.java:197) [spring-beans-4.3.13.RELEASE.jar:4.3.13.RELEASE]
	at org.springframework.beans.factory.support.DefaultListableBeanFactory.preInstantiateSingletons(DefaultListableBeanFactory.java:761) [spring-beans-4.3.13.RELEASE.jar:4.3.13.RELEASE]
	at org.springframework.context.support.AbstractApplicationContext.finishBeanFactoryInitialization(AbstractApplicationContext.java:867) [spring-context-4.3.13.RELEASE.jar:4.3.13.RELEASE]
	at org.springframework.context.support.AbstractApplicationContext.refresh(AbstractApplicationContext.java:543) [spring-context-4.3.13.RELEASE.jar:4.3.13.RELEASE]
	at org.springframework.boot.context.embedded.EmbeddedWebApplicationContext.refresh(EmbeddedWebApplicationContext.java:122) [spring-boot-1.5.9.RELEASE.jar:1.5.9.RELEASE]
	at org.springframework.boot.SpringApplication.refresh(SpringApplication.java:693) [spring-boot-1.5.9.RELEASE.jar:1.5.9.RELEASE]
	at org.springframework.boot.SpringApplication.refreshContext(SpringApplication.java:360) [spring-boot-1.5.9.RELEASE.jar:1.5.9.RELEASE]
	at org.springframework.boot.SpringApplication.run(SpringApplication.java:303) [spring-boot-1.5.9.RELEASE.jar:1.5.9.RELEASE]
	at org.springframework.boot.SpringApplication.run(SpringApplication.java:1118) [spring-boot-1.5.9.RELEASE.jar:1.5.9.RELEASE]
	at org.springframework.boot.SpringApplication.run(SpringApplication.java:1107) [spring-boot-1.5.9.RELEASE.jar:1.5.9.RELEASE]
	at com.search.SpringBootSearchMainClass.main(SpringBootSearchMainClass.java:11) [classes/:?]
	at sun.reflect.NativeMethodAccessorImpl.invoke0(Native Method) ~[?:1.8.0_161]
	at sun.reflect.NativeMethodAccessorImpl.invoke(NativeMethodAccessorImpl.java:62) ~[?:1.8.0_161]
	at sun.reflect.DelegatingMethodAccessorImpl.invoke(DelegatingMethodAccessorImpl.java:43) ~[?:1.8.0_161]
	at java.lang.reflect.Method.invoke(Method.java:498) ~[?:1.8.0_161]
	at org.springframework.boot.devtools.restart.RestartLauncher.run(RestartLauncher.java:49) [spring-boot-devtools-1.5.9.RELEASE.jar:1.5.9.RELEASE]
03-13-2018 DEBUG q.c.QueryProductController [http-nio-9002-exec-1] debug
03-13-2018 ERROR q.c.QueryProductController [http-nio-9002-exec-1] error
03-13-2018 DEBUG q.c.QueryProductController [http-nio-9002-exec-1] 
03-13-2018 DEBUG q.c.QueryProductController [http-nio-9002-exec-10] debug
03-13-2018 ERROR q.c.QueryProductController [http-nio-9002-exec-10] error
03-13-2018 DEBUG q.c.QueryProductController [http-nio-9002-exec-10] logdayin
